<?xml version="1.0" encoding="UTF-8"?>
<!-- Generated by org.testng.reporters.JUnitReportReporter -->
<testsuite skipped="0" hostname="PraveenShilpi" name="com.crm.qa.testcases.HomePageTest" tests="3" failures="0" timestamp="10 Nov 2019 11:35:47 GMT" time="32.829" errors="0">
  <testcase name="verifyhomepagetitletest" time="9.620" classname="com.crm.qa.testcases.HomePageTest"/>
  <testcase name="verifyuserNametest" time="10.495" classname="com.crm.qa.testcases.HomePageTest"/>
  <testcase name="verifyclickcontacttest" time="12.714" classname="com.crm.qa.testcases.HomePageTest"/>
</testsuite> <!-- com.crm.qa.testcases.HomePageTest -->
