<?xml version="1.0" encoding="UTF-8"?>
<!-- Generated by org.testng.reporters.JUnitReportReporter -->
<testsuite skipped="0" hostname="PraveenShilpi" name="com.crm.qa.testcases.LoginPageTest" tests="2" failures="0" timestamp="10 Nov 2019 09:36:42 GMT" time="17.575" errors="0">
  <testcase name="validateTitleTest" time="9.021" classname="com.crm.qa.testcases.LoginPageTest"/>
  <testcase name="loginTest" time="8.554" classname="com.crm.qa.testcases.LoginPageTest"/>
</testsuite> <!-- com.crm.qa.testcases.LoginPageTest -->
