<?xml version="1.0" encoding="UTF-8"?>
<!-- Generated by org.testng.reporters.JUnitReportReporter -->
<testsuite skipped="0" hostname="PraveenShilpi" name="com.crm.qa.testcases.ContactPageTest" tests="1" failures="0" timestamp="24 Nov 2019 05:51:34 GMT" time="10.672" errors="0">
  <testcase name="verifyContactTextTest" time="10.672" classname="com.crm.qa.testcases.ContactPageTest"/>
</testsuite> <!-- com.crm.qa.testcases.ContactPageTest -->
